# JRE version: OpenJDK Runtime Environment JBR-17.0.5+1-653.25-jcef (17.0.5+1) (build 17.0.5+1-b653.25)
# Java VM: OpenJDK 64-Bit Server VM JBR-17.0.5+1-653.25-jcef (17.0.5+1-b653.25, mixed mode, tiered, compressed oops, compressed class ptrs, g1 gc, windows-amd64)
GC Precious Log:
 CPUs: 12 total, 12 available
 Memory: 16274M
 Large Page Support: Disabled
 NUMA Support: Disabled
 Compressed Oops: Enabled (32-bit)
 Heap Region Size: 1M
 Heap Min Capacity: 128M
 Heap Initial Capacity: 128M
 Heap Max Capacity: 1G
 Pre-touch: Disabled
 Parallel Workers: 10
 Concurrent Workers: 3
 Concurrent Refinement Workers: 10
 Periodic GC: Disabled
Heap:
 garbage-first heap   total 131072K, used 9930K [0x00000000c0000000, 0x0000000100000000)
  region size 1024K, 2 young (2048K), 0 survivors (0K)
 Metaspace       used 25607K, committed 26112K, reserved 1073152K
  class space    used 2574K, committed 2752K, reserved 1048576K
GC Heap History (14 events):
Event: 1.503 GC heap before
{Heap before GC invocations=0 (full 0):
 garbage-first heap   total 131072K, used 24576K [0x00000000c0000000, 0x0000000100000000)
  region size 1024K, 23 young (23552K), 0 survivors (0K)
 Metaspace       used 21307K, committed 21504K, reserved 1073152K
  class space    used 2260K, committed 2368K, reserved 1048576K
}
Event: 1.509 GC heap after
{Heap after GC invocations=1 (full 0):
 garbage-first heap   total 131072K, used 9127K [0x00000000c0000000, 0x0000000100000000)
  region size 1024K, 3 young (3072K), 3 survivors (3072K)
 Metaspace       used 21307K, committed 21504K, reserved 1073152K
  class space    used 2260K, committed 2368K, reserved 1048576K
}
Event: 63.780 GC heap before
{Heap before GC invocations=2 (full 0):
 garbage-first heap   total 131072K, used 30631K [0x00000000c0000000, 0x0000000100000000)
  region size 1024K, 24 young (24576K), 3 survivors (3072K)
 Metaspace       used 24541K, committed 24832K, reserved 1073152K
  class space    used 2552K, committed 2688K, reserved 1048576K
}
Event: 63.788 GC heap after
{Heap after GC invocations=3 (full 0):
 garbage-first heap   total 131072K, used 10323K [0x00000000c0000000, 0x0000000100000000)
  region size 1024K, 2 young (2048K), 2 survivors (2048K)
 Metaspace       used 24541K, committed 24832K, reserved 1073152K
  class space    used 2552K, committed 2688K, reserved 1048576K
}
Event: 145.032 GC heap before
{Heap before GC invocations=3 (full 0):
 garbage-first heap   total 131072K, used 58451K [0x00000000c0000000, 0x0000000100000000)
  region size 1024K, 49 young (50176K), 2 survivors (2048K)
 Metaspace       used 25238K, committed 25472K, reserved 1073152K
  class space    used 2570K, committed 2688K, reserved 1048576K
}
Event: 145.035 GC heap after
{Heap after GC invocations=4 (full 0):
 garbage-first heap   total 131072K, used 10527K [0x00000000c0000000, 0x0000000100000000)
  region size 1024K, 2 young (2048K), 2 survivors (2048K)
 Metaspace       used 25238K, committed 25472K, reserved 1073152K
  class space    used 2570K, committed 2688K, reserved 1048576K
}
Event: 3601.515 GC heap before
{Heap before GC invocations=4 (full 0):
 garbage-first heap   total 131072K, used 39199K [0x00000000c0000000, 0x0000000100000000)
  region size 1024K, 31 young (31744K), 2 survivors (2048K)
 Metaspace       used 25346K, committed 25600K, reserved 1073152K
  class space    used 2572K, committed 2688K, reserved 1048576K
}
Event: 3601.532 GC heap after
{Heap after GC invocations=5 (full 1):
 garbage-first heap   total 131072K, used 9710K [0x00000000c0000000, 0x0000000100000000)
  region size 1024K, 0 young (0K), 0 survivors (0K)
 Metaspace       used 25346K, committed 25600K, reserved 1073152K
  class space    used 2572K, committed 2688K, reserved 1048576K
}
Event: 7201.534 GC heap before
{Heap before GC invocations=5 (full 1):
 garbage-first heap   total 131072K, used 15854K [0x00000000c0000000, 0x0000000100000000)
  region size 1024K, 7 young (7168K), 0 survivors (0K)
 Metaspace       used 25346K, committed 25600K, reserved 1073152K
  class space    used 2572K, committed 2688K, reserved 1048576K
}
Event: 7201.693 GC heap after
{Heap after GC invocations=6 (full 2):
 garbage-first heap   total 131072K, used 8894K [0x00000000c0000000, 0x0000000100000000)
  region size 1024K, 0 young (0K), 0 survivors (0K)
 Metaspace       used 25081K, committed 25600K, reserved 1073152K
  class space    used 2517K, committed 2688K, reserved 1048576K
}
Event: 10801.718 GC heap before
{Heap before GC invocations=6 (full 2):
 garbage-first heap   total 131072K, used 14014K [0x00000000c0000000, 0x0000000100000000)
  region size 1024K, 6 young (6144K), 0 survivors (0K)
 Metaspace       used 25081K, committed 25600K, reserved 1073152K
  class space    used 2517K, committed 2688K, reserved 1048576K
}
Event: 10801.885 GC heap after
{Heap after GC invocations=7 (full 3):
 garbage-first heap   total 131072K, used 8868K [0x00000000c0000000, 0x0000000100000000)
  region size 1024K, 0 young (0K), 0 survivors (0K)
 Metaspace       used 25081K, committed 25600K, reserved 1073152K
  class space    used 2517K, committed 2688K, reserved 1048576K
}
Event: 14401.887 GC heap before
{Heap before GC invocations=7 (full 3):
 garbage-first heap   total 131072K, used 17060K [0x00000000c0000000, 0x0000000100000000)
  region size 1024K, 9 young (9216K), 0 survivors (0K)
 Metaspace       used 25607K, committed 26112K, reserved 1073152K
  class space    used 2574K, committed 2752K, reserved 1048576K
}
Event: 14401.929 GC heap after
{Heap after GC invocations=8 (full 4):
 garbage-first heap   total 131072K, used 8906K [0x00000000c0000000, 0x0000000100000000)
  region size 1024K, 0 young (0K), 0 survivors (0K)
 Metaspace       used 25607K, committed 26112K, reserved 1073152K
  class space    used 2574K, committed 2752K, reserved 1048576K
}

